<?xml version="1.0" encoding="UTF-8"?>
<!-- Generated by org.testng.reporters.JUnitReportReporter -->
<testsuite hostname="DESKTOP5C" name="test.TGTest" tests="2" failures="0" timestamp="6 Sep 2018 03:29:36 GMT" time="45.504" errors="0">
  <testcase name="tuangou_xiadan" time="23.021" classname="test.TGTest"/>
  <testcase name="tuangou_xiadan" time="22.483" classname="test.TGTest"/>
</testsuite> <!-- test.TGTest -->
